\BOOKMARK [1][-]{section.1}{\376\377\000I\000n\000t\000r\000o\000d\000u\000c\000c\000i\000\363\000n}{}% 1
\BOOKMARK [2][-]{subsection.1.1}{\376\377\000M\000o\000t\000i\000v\000a\000c\000i\000\363\000n}{section.1}% 2
\BOOKMARK [2][-]{subsection.1.2}{\376\377\000O\000b\000j\000e\000t\000i\000v\000o\000s\000\040\000y\000\040\000m\000e\000t\000o\000d\000o\000l\000o\000g\000\355\000a}{section.1}% 3
\BOOKMARK [2][-]{subsection.1.3}{\376\377\000E\000s\000t\000r\000u\000c\000t\000u\000r\000a\000\040\000d\000e\000l\000\040\000d\000o\000c\000u\000m\000e\000n\000t\000o}{section.1}% 4
\BOOKMARK [2][-]{subsection.1.4}{\376\377\000T\000e\000c\000n\000o\000l\000o\000g\000\355\000a\000s\000\040\000u\000s\000a\000d\000a\000s}{section.1}% 5
\BOOKMARK [1][-]{section.2}{\376\377\000C\000i\000r\000c\000u\000i\000t\000o\000s\000\040\000R\000C\000\040\000y\000\040\000R\000L}{}% 6
\BOOKMARK [2][-]{subsection.2.1}{\376\377\000E\000l\000\040\000c\000o\000n\000d\000e\000n\000s\000a\000d\000o\000r\000\040\000y\000\040\000e\000l\000\040\000c\000i\000r\000c\000u\000i\000t\000o\000\040\000R\000C}{section.2}% 7
\BOOKMARK [2][-]{subsection.2.2}{\376\377\000E\000l\000\040\000i\000n\000d\000u\000c\000t\000o\000r\000\040\000y\000\040\000e\000l\000\040\000c\000i\000r\000c\000u\000i\000t\000o\000\040\000R\000L}{section.2}% 8
\BOOKMARK [1][-]{section.3}{\376\377\000E\000s\000t\000u\000d\000i\000o\000\040\000d\000e\000\040\000l\000a\000s\000\040\000t\000e\000c\000n\000o\000l\000o\000g\000\355\000a\000s}{}% 9
\BOOKMARK [2][-]{subsection.3.1}{\376\377\000T\000i\000p\000o\000s\000\040\000d\000e\000\040\000a\000p\000l\000i\000c\000a\000c\000i\000o\000n\000e\000s\000\040\000s\000e\000g\000\372\000n\000\040\000l\000a\000\040\000c\000o\000m\000p\000a\000t\000i\000b\000i\000l\000i\000d\000a\000d}{section.3}% 10
\BOOKMARK [2][-]{subsection.3.2}{\376\377\000L\000a\000\040\000w\000e\000b\000\040\000y\000\040\000s\000u\000\040\000e\000v\000o\000l\000u\000c\000i\000\363\000n}{section.3}% 11
\BOOKMARK [2][-]{subsection.3.3}{\376\377\000E\000s\000t\000r\000u\000c\000t\000u\000r\000a\000\040\000d\000e\000\040\000u\000n\000a\000\040\000a\000p\000l\000i\000c\000a\000c\000i\000\363\000n\000\040\000w\000e\000b}{section.3}% 12
\BOOKMARK [2][-]{subsection.3.4}{\376\377\000T\000e\000c\000n\000o\000l\000o\000g\000\355\000a\000s\000\040\000f\000r\000o\000n\000t\000-\000e\000n\000d}{section.3}% 13
\BOOKMARK [3][-]{subsubsection.3.4.1}{\376\377\000H\000T\000M\000L}{subsection.3.4}% 14
\BOOKMARK [3][-]{subsubsection.3.4.2}{\376\377\000C\000S\000S\000\040\000y\000\040\000B\000o\000o\000t\000s\000t\000r\000a\000p}{subsection.3.4}% 15
\BOOKMARK [3][-]{subsubsection.3.4.3}{\376\377\000J\000a\000v\000a\000S\000c\000r\000i\000p\000t}{subsection.3.4}% 16
\BOOKMARK [3][-]{subsubsection.3.4.4}{\376\377\000R\000e\000a\000c\000t\000J\000S}{subsection.3.4}% 17
\BOOKMARK [1][-]{section.4}{\376\377\000I\000m\000p\000l\000e\000m\000e\000n\000t\000a\000c\000i\000\363\000n\000\040\000y\000\040\000p\000r\000u\000e\000b\000a\000s}{}% 18
\BOOKMARK [2][-]{subsection.4.1}{\376\377\000S\000i\000m\000u\000l\000a\000c\000i\000\363\000n\000\040\000d\000e\000\040\000l\000o\000s\000\040\000c\000i\000r\000c\000u\000i\000t\000o\000s\000\040\000R\000C\000\040\000y\000\040\000R\000L}{section.4}% 19
\BOOKMARK [3][-]{subsubsection.4.1.1}{\376\377\000E\000t\000a\000p\000a\000s\000\040\000d\000e\000l\000\040\000p\000r\000o\000c\000e\000s\000o}{subsection.4.1}% 20
\BOOKMARK [3][-]{subsubsection.4.1.2}{\376\377\000G\000e\000n\000e\000r\000a\000c\000i\000\363\000n\000\040\000d\000e\000\040\000d\000a\000t\000o\000s}{subsection.4.1}% 21
\BOOKMARK [3][-]{subsubsection.4.1.3}{\376\377\000T\000i\000e\000m\000p\000o\000\040\000a\000b\000s\000o\000l\000u\000t\000o\000\040\000y\000\040\000t\000i\000e\000m\000p\000o\000\040\000r\000e\000l\000a\000t\000i\000v\000o\000\040\000d\000e\000\040\000l\000a\000\040\000s\000i\000m\000u\000l\000a\000c\000i\000\363\000n}{subsection.4.1}% 22
\BOOKMARK [3][-]{subsubsection.4.1.4}{\376\377\000C\000o\000n\000d\000i\000c\000i\000o\000n\000e\000s\000\040\000d\000e\000\040\000p\000a\000r\000a\000d\000a\000\040\000y\000\040\000e\000s\000c\000a\000l\000a\000\040\000d\000e\000\040\000t\000i\000e\000m\000p\000o}{subsection.4.1}% 23
\BOOKMARK [2][-]{subsection.4.2}{\376\377\000C\000o\000m\000p\000a\000r\000a\000c\000i\000\363\000n\000\040\000d\000e\000\040\000r\000e\000s\000u\000l\000t\000a\000d\000o\000s}{section.4}% 24
\BOOKMARK [3][-]{subsubsection.4.2.1}{\376\377\000C\000a\000s\000o\000\040\000d\000e\000\040\000p\000r\000u\000e\000b\000a\000\040\0001\000:\000\040\000c\000a\000r\000g\000a\000\040\000y\000\040\000d\000e\000s\000c\000a\000r\000g\000a\000\040\000d\000e\000\040\000u\000n\000\040\000c\000o\000n\000d\000e\000n\000s\000a\000d\000o\000r}{subsection.4.2}% 25
\BOOKMARK [3][-]{subsubsection.4.2.2}{\376\377\000C\000a\000s\000o\000\040\000d\000e\000\040\000p\000r\000u\000e\000b\000a\000\040\0002\000:\000\040\000c\000a\000r\000g\000a\000\040\000y\000\040\000d\000e\000s\000c\000a\000r\000g\000a\000\040\000d\000e\000\040\000u\000n\000\040\000c\000o\000n\000d\000e\000n\000s\000a\000d\000o\000r\000\040\000\050\000c\000o\000n\000\040\000r\000e\000s\000t\000r\000i\000c\000c\000i\000o\000n\000e\000s\000\051}{subsection.4.2}% 26
\BOOKMARK [3][-]{subsubsection.4.2.3}{\376\377\000C\000a\000s\000o\000\040\000d\000e\000\040\000p\000r\000u\000e\000b\000a\000\040\0003\000:\000\040\000c\000a\000r\000g\000a\000\040\000y\000\040\000d\000e\000s\000c\000a\000r\000g\000a\000\040\000d\000e\000\040\000u\000n\000\040\000i\000n\000d\000u\000c\000t\000o\000r}{subsection.4.2}% 27
\BOOKMARK [3][-]{subsubsection.4.2.4}{\376\377\000C\000a\000s\000o\000\040\000d\000e\000\040\000p\000r\000u\000e\000b\000a\000\040\0004\000:\000\040\000c\000a\000r\000g\000a\000\040\000y\000\040\000d\000e\000s\000c\000a\000r\000g\000a\000\040\000d\000e\000\040\000u\000n\000\040\000i\000n\000d\000u\000c\000t\000o\000r\000\040\000\050\000c\000o\000n\000\040\000r\000e\000s\000t\000r\000i\000c\000c\000i\000o\000n\000e\000s\000\051}{subsection.4.2}% 28
\BOOKMARK [1][-]{section.5}{\376\377\000C\000o\000n\000c\000l\000u\000s\000i\000o\000n\000s\000\040\000a\000n\000d\000\040\000F\000u\000t\000u\000r\000e\000s\000\040\000L\000i\000n\000e\000s\000\040\000o\000f\000\040\000R\000e\000s\000e\000a\000r\000c\000h}{}% 29
\BOOKMARK [2][-]{subsection.5.1}{\376\377\000C\000o\000n\000c\000l\000u\000s\000i\000o\000n\000s}{section.5}% 30
\BOOKMARK [2][-]{subsection.5.2}{\376\377\000F\000u\000t\000u\000r\000e\000\040\000l\000i\000n\000e\000s\000\040\000o\000f\000\040\000R\000e\000s\000e\000a\000r\000c\000h}{section.5}% 31
\BOOKMARK [1][-]{section.6}{\376\377\000C\000o\000n\000c\000l\000u\000s\000i\000o\000n\000e\000s\000\040\000y\000\040\000L\000\355\000n\000e\000a\000s\000\040\000F\000u\000t\000u\000r\000a\000s}{}% 32
\BOOKMARK [2][-]{subsection.6.1}{\376\377\000C\000o\000n\000c\000l\000u\000s\000i\000o\000n\000e\000s}{section.6}% 33
\BOOKMARK [2][-]{subsection.6.2}{\376\377\000L\000\355\000n\000e\000a\000s\000\040\000F\000u\000t\000u\000r\000a\000s}{section.6}% 34
\BOOKMARK [1][-]{appendix.alph1.Alph1}{\376\377\000A\000p\000\351\000n\000d\000i\000c\000e\000\040\000M\000a\000n\000u\000a\000l\000\040\000d\000e\000\040\000i\000n\000s\000t\000a\000l\000a\000c\000i\000\363\000n}{}% 35
\BOOKMARK [1][-]{appendix.alph2.Alph2}{\376\377\000A\000p\000\351\000n\000d\000i\000c\000e\000\040\000M\000a\000n\000u\000a\000l\000\040\000d\000e\000\040\000u\000s\000u\000a\000r\000i\000o}{}% 36
\BOOKMARK [1][-]{appendix.alph3.Alph3}{\376\377\000A\000p\000\351\000n\000d\000i\000c\000e\000\040\000R\000e\000q\000u\000i\000s\000i\000t\000o\000s\000\040\000y\000\040\000c\000a\000s\000o\000s\000\040\000d\000e\000\040\000u\000s\000o}{}% 37
\BOOKMARK [2][-]{subsection.alph3.Alph3.1}{\376\377\000R\000e\000q\000u\000i\000s\000i\000t\000o\000s}{appendix.alph3.Alph3}% 38
\BOOKMARK [2][-]{subsection.alph3.Alph3.2}{\376\377\000C\000a\000s\000o\000s\000\040\000d\000e\000\040\000u\000s\000o}{appendix.alph3.Alph3}% 39
\BOOKMARK [1][-]{appendix.alph4.Alph4}{\376\377\000A\000p\000\351\000n\000d\000i\000c\000e\000\040\000M\000o\000d\000e\000l\000a\000d\000o\000\040\000d\000e\000\040\000l\000o\000s\000\040\000c\000i\000r\000c\000u\000i\000t\000o\000s\000\040\000R\000C\000\040\000y\000\040\000R\000L}{}% 40
\BOOKMARK [1][-]{appendix.alph5.Alph5}{\376\377\000A\000p\000\351\000n\000d\000i\000c\000e\000\040\000R\000e\000s\000o\000l\000u\000c\000i\000\363\000n\000\040\000m\000a\000t\000e\000m\000\341\000t\000i\000c\000a\000\040\000d\000e\000l\000\040\000c\000i\000r\000c\000u\000i\000t\000o\000\040\000R\000C}{}% 41
\BOOKMARK [2][-]{subsection.alph5.Alph5.1}{\376\377\000E\000s\000t\000a\000d\000o\000\040\000d\000e\000\040\000a\000l\000m\000a\000c\000e\000n\000a\000m\000i\000e\000n\000t\000o\000\040\000d\000e\000\040\000e\000n\000e\000r\000g\000\355\000a}{appendix.alph5.Alph5}% 42
\BOOKMARK [3][-]{subsubsection.alph5.Alph5.1.1}{\376\377\000C\000a\000r\000g\000a\000\040\000d\000e\000l\000\040\000c\000o\000n\000d\000e\000n\000s\000a\000d\000o\000r}{subsection.alph5.Alph5.1}% 43
\BOOKMARK [3][-]{subsubsection.alph5.Alph5.1.2}{\376\377\000I\000n\000t\000e\000n\000s\000i\000d\000a\000d\000\040\000d\000e\000\040\000c\000o\000r\000r\000i\000e\000n\000t\000e}{subsection.alph5.Alph5.1}% 44
\BOOKMARK [3][-]{subsubsection.alph5.Alph5.1.3}{\376\377\000D\000D\000P\000\040\000R\000e\000s\000i\000s\000t\000e\000n\000c\000i\000a}{subsection.alph5.Alph5.1}% 45
\BOOKMARK [3][-]{subsubsection.alph5.Alph5.1.4}{\376\377\000D\000D\000P\000\040\000C\000o\000n\000d\000e\000n\000s\000a\000d\000o\000r}{subsection.alph5.Alph5.1}% 46
\BOOKMARK [2][-]{subsection.alph5.Alph5.2}{\376\377\000E\000s\000t\000a\000d\000o\000\040\000d\000e\000\040\000d\000i\000s\000i\000p\000a\000c\000i\000\363\000n\000\040\000d\000e\000\040\000e\000n\000e\000r\000g\000\355\000a}{appendix.alph5.Alph5}% 47
\BOOKMARK [3][-]{subsubsection.alph5.Alph5.2.1}{\376\377\000C\000a\000r\000g\000a\000\040\000d\000e\000l\000\040\000c\000o\000n\000d\000e\000n\000s\000a\000d\000o\000r}{subsection.alph5.Alph5.2}% 48
\BOOKMARK [3][-]{subsubsection.alph5.Alph5.2.2}{\376\377\000I\000n\000t\000e\000n\000s\000i\000d\000a\000d\000\040\000d\000e\000\040\000c\000o\000r\000r\000i\000e\000n\000t\000e}{subsection.alph5.Alph5.2}% 49
\BOOKMARK [3][-]{subsubsection.alph5.Alph5.2.3}{\376\377\000D\000i\000f\000e\000r\000e\000n\000c\000i\000a\000\040\000d\000e\000\040\000p\000o\000t\000e\000n\000c\000i\000a\000l\000\040\000e\000n\000\040\000l\000a\000\040\000r\000e\000s\000i\000s\000t\000e\000n\000c\000i\000a}{subsection.alph5.Alph5.2}% 50
\BOOKMARK [3][-]{subsubsection.alph5.Alph5.2.4}{\376\377\000D\000i\000f\000e\000r\000e\000n\000c\000i\000a\000\040\000d\000e\000\040\000p\000o\000t\000e\000n\000c\000i\000a\000l\000\040\000e\000n\000\040\000e\000l\000\040\000c\000o\000n\000d\000e\000n\000s\000a\000d\000o\000r}{subsection.alph5.Alph5.2}% 51
\BOOKMARK [2][-]{subsection.alph5.Alph5.3}{\376\377\000E\000n\000e\000r\000g\000\355\000a\000\040\000a\000l\000m\000a\000c\000e\000n\000a\000d\000a\000\040\000e\000n\000\040\000u\000n\000\040\000c\000o\000n\000d\000e\000n\000s\000a\000d\000o\000r}{appendix.alph5.Alph5}% 52
\BOOKMARK [1][-]{appendix.alph6.Alph6}{\376\377\000A\000p\000\351\000n\000d\000i\000c\000e\000\040\000R\000e\000s\000o\000l\000u\000c\000i\000\363\000n\000\040\000m\000a\000t\000e\000m\000\341\000t\000i\000c\000a\000\040\000d\000e\000l\000\040\000c\000i\000r\000c\000u\000i\000t\000o\000\040\000R\000L}{}% 53
\BOOKMARK [2][-]{subsection.alph6.Alph6.1}{\376\377\000E\000s\000t\000a\000d\000o\000\040\000d\000e\000\040\000a\000l\000m\000a\000c\000e\000n\000a\000m\000i\000e\000n\000t\000o\000\040\000d\000e\000\040\000e\000n\000e\000r\000g\000\355\000a}{appendix.alph6.Alph6}% 54
\BOOKMARK [3][-]{subsubsection.alph6.Alph6.1.1}{\376\377\000I\000n\000t\000e\000n\000s\000i\000d\000a\000d\000\040\000d\000e\000\040\000c\000o\000r\000r\000i\000e\000n\000t\000e}{subsection.alph6.Alph6.1}% 55
\BOOKMARK [3][-]{subsubsection.alph6.Alph6.1.2}{\376\377\000D\000i\000f\000e\000r\000e\000n\000c\000i\000a\000\040\000d\000e\000\040\000p\000o\000t\000e\000n\000c\000i\000a\000l\000\040\000e\000n\000\040\000l\000a\000\040\000r\000e\000s\000i\000s\000t\000e\000n\000c\000i\000a}{subsection.alph6.Alph6.1}% 56
\BOOKMARK [3][-]{subsubsection.alph6.Alph6.1.3}{\376\377\000D\000i\000f\000e\000r\000e\000n\000c\000i\000a\000\040\000d\000e\000\040\000p\000o\000t\000e\000n\000c\000i\000a\000l\000\040\000e\000n\000\040\000l\000a\000\040\000b\000o\000b\000i\000n\000a}{subsection.alph6.Alph6.1}% 57
\BOOKMARK [2][-]{subsection.alph6.Alph6.2}{\376\377\000E\000s\000t\000a\000d\000o\000\040\000d\000e\000\040\000d\000i\000s\000i\000p\000a\000c\000i\000\363\000n\000\040\000d\000e\000\040\000e\000n\000e\000r\000g\000\355\000a}{appendix.alph6.Alph6}% 58
\BOOKMARK [3][-]{subsubsection.alph6.Alph6.2.1}{\376\377\000I\000n\000t\000e\000n\000s\000i\000d\000a\000d\000\040\000d\000e\000\040\000c\000o\000r\000r\000i\000e\000n\000t\000e}{subsection.alph6.Alph6.2}% 59
\BOOKMARK [3][-]{subsubsection.alph6.Alph6.2.2}{\376\377\000D\000i\000f\000e\000r\000e\000n\000c\000i\000a\000\040\000d\000e\000\040\000p\000o\000t\000e\000n\000c\000i\000a\000l\000\040\000e\000n\000\040\000l\000a\000\040\000r\000e\000s\000i\000s\000t\000e\000n\000c\000i\000a}{subsection.alph6.Alph6.2}% 60
\BOOKMARK [3][-]{subsubsection.alph6.Alph6.2.3}{\376\377\000D\000i\000f\000e\000r\000e\000n\000c\000i\000a\000\040\000d\000e\000\040\000p\000o\000t\000e\000n\000c\000i\000a\000l\000\040\000e\000n\000\040\000l\000a\000\040\000b\000o\000b\000i\000n\000a}{subsection.alph6.Alph6.2}% 61
\BOOKMARK [2][-]{subsection.alph6.Alph6.3}{\376\377\000E\000n\000e\000r\000g\000\355\000a\000\040\000a\000l\000m\000a\000c\000e\000n\000a\000d\000a}{appendix.alph6.Alph6}% 62
\BOOKMARK [2][-]{subsection.alph6.Alph6.4}{\376\377\000F\000l\000u\000j\000o\000\040\000m\000a\000g\000n\000\351\000t\000i\000c\000o}{appendix.alph6.Alph6}% 63
